  Plane.cpp
c:\program files (x86)\microsoft directx sdk (june 2010)\include\xnamath.h(2662): warning C4838: 'unsigned int' から 'INT' への変換には縮小変換が必要です
c:\program files (x86)\microsoft directx sdk (june 2010)\include\xnamath.h(2663): warning C4838: 'unsigned int' から 'INT' への変換には縮小変換が必要です
c:\program files (x86)\microsoft directx sdk (june 2010)\include\xnamath.h(2664): warning C4838: 'unsigned int' から 'INT' への変換には縮小変換が必要です
c:\program files (x86)\microsoft directx sdk (june 2010)\include\xnamath.h(2665): warning C4838: 'unsigned int' から 'INT' への変換には縮小変換が必要です
c:\program files (x86)\microsoft directx sdk (june 2010)\include\xnamath.h(2666): warning C4838: 'unsigned int' から 'INT' への変換には縮小変換が必要です
c:\program files (x86)\microsoft directx sdk (june 2010)\include\xnamath.h(2667): warning C4838: 'unsigned int' から 'INT' への変換には縮小変換が必要です
c:\program files (x86)\microsoft directx sdk (june 2010)\include\xnamath.h(2668): warning C4838: 'unsigned int' から 'INT' への変換には縮小変換が必要です
c:\program files (x86)\microsoft directx sdk (june 2010)\include\xnamath.h(2689): warning C4838: 'unsigned int' から 'INT' への変換には縮小変換が必要です
c:\program files (x86)\microsoft directx sdk (june 2010)\include\xnamath.h(2690): warning C4838: 'unsigned int' から 'INT' への変換には縮小変換が必要です
c:\program files (x86)\microsoft directx sdk (june 2010)\include\xnamath.h(2691): warning C4838: 'unsigned int' から 'INT' への変換には縮小変換が必要です
c:\program files (x86)\microsoft directx sdk (june 2010)\include\xnamath.h(2694): warning C4838: 'unsigned int' から 'INT' への変換には縮小変換が必要です
c:\program files (x86)\microsoft directx sdk (june 2010)\include\xnamath.h(2695): warning C4838: 'unsigned int' から 'INT' への変換には縮小変換が必要です
c:\program files (x86)\microsoft directx sdk (june 2010)\include\xnamath.h(2698): warning C4838: 'unsigned int' から 'INT' への変換には縮小変換が必要です
c:\program files (x86)\microsoft directx sdk (june 2010)\include\xnamath.h(2702): warning C4838: 'unsigned int' から 'INT' への変換には縮小変換が必要です
c:\program files (x86)\microsoft directx sdk (june 2010)\include\xnamath.h(2712): warning C4838: 'unsigned int' から 'INT' への変換には縮小変換が必要です
c:\program files (x86)\microsoft directx sdk (june 2010)\include\xnamath.h(2713): warning C4838: 'unsigned int' から 'INT' への変換には縮小変換が必要です
c:\program files (x86)\microsoft directx sdk (june 2010)\include\xnamath.h(2715): warning C4838: 'unsigned int' から 'INT' への変換には縮小変換が必要です
c:\program files (x86)\microsoft directx sdk (june 2010)\include\xnamath.h(2716): warning C4838: 'unsigned int' から 'INT' への変換には縮小変換が必要です
c:\program files (x86)\microsoft directx sdk (june 2010)\include\xnamath.h(2717): warning C4838: 'unsigned int' から 'INT' への変換には縮小変換が必要です
c:\program files (x86)\microsoft directx sdk (june 2010)\include\xnamath.h(2727): warning C4838: 'unsigned int' から 'INT' への変換には縮小変換が必要です
c:\program files (x86)\microsoft directx sdk (june 2010)\include\xnamath.h(2728): warning C4838: 'unsigned int' から 'INT' への変換には縮小変換が必要です
c:\program files (x86)\microsoft directx sdk (june 2010)\include\xnamath.h(2729): warning C4838: 'unsigned int' から 'INT' への変換には縮小変換が必要です
c:\program files (x86)\microsoft directx sdk (june 2010)\include\xnamath.h(2730): warning C4838: 'unsigned int' から 'INT' への変換には縮小変換が必要です
c:\program files (x86)\microsoft directx sdk (june 2010)\include\xnamath.h(2731): warning C4838: 'unsigned int' から 'INT' への変換には縮小変換が必要です
c:\program files (x86)\microsoft directx sdk (june 2010)\include\xnamath.h(2732): warning C4838: 'unsigned int' から 'INT' への変換には縮小変換が必要です
c:\program files (x86)\microsoft directx sdk (june 2010)\include\xnamath.h(2742): warning C4838: 'unsigned int' から 'INT' への変換には縮小変換が必要です
c:\program files (x86)\microsoft directx sdk (june 2010)\include\xnamath.h(2743): warning C4838: 'unsigned int' から 'INT' への変換には縮小変換が必要です
c:\program files (x86)\microsoft directx sdk (june 2010)\include\xnamath.h(2754): warning C4838: 'unsigned int' から 'INT' への変換には縮小変換が必要です
c:\program files (x86)\microsoft directx sdk (june 2010)\include\xnamathconvert.inl(2254): warning C4838: 'unsigned int' から 'INT' への変換には縮小変換が必要です
c:\program files (x86)\microsoft directx sdk (june 2010)\include\xnamathconvert.inl(4523): warning C4838: 'unsigned int' から 'INT' への変換には縮小変換が必要です
c:\program files (x86)\microsoft directx sdk (june 2010)\include\xnamathconvert.inl(4577): warning C4838: 'unsigned int' から 'INT' への変換には縮小変換が必要です
c:\program files (x86)\microsoft directx sdk (june 2010)\include\xnamathconvert.inl(4639): warning C4838: 'unsigned int' から 'INT' への変換には縮小変換が必要です
c:\program files (x86)\microsoft directx sdk (june 2010)\include\xnamathconvert.inl(4707): warning C4838: 'unsigned int' から 'INT' への変換には縮小変換が必要です
c:\program files (x86)\microsoft directx sdk (june 2010)\include\xnamathconvert.inl(4770): warning C4838: 'unsigned int' から 'INT' への変換には縮小変換が必要です
c:\program files (x86)\microsoft directx sdk (june 2010)\include\xnamathconvert.inl(4832): warning C4838: 'unsigned int' から 'INT' への変換には縮小変換が必要です
c:\program files (x86)\microsoft directx sdk (june 2010)\include\xnamathvector.inl(1269): warning C4838: 'unsigned int' から 'INT' への変換には縮小変換が必要です
c:\program files (x86)\microsoft directx sdk (june 2010)\include\xnamathmisc.inl(518): warning C4838: 'unsigned int' から 'INT' への変換には縮小変換が必要です
c:\program files (x86)\microsoft directx sdk (june 2010)\include\xnamathmisc.inl(519): warning C4838: 'unsigned int' から 'INT' への変換には縮小変換が必要です
c:\users\1401349\documents\workinggames\slimegame\directx11\directx11_1\define.h(60): warning C4244: 'return': 'double' から 'float' への変換です。データが失われる可能性があります。
  Camera.cpp
c:\program files (x86)\microsoft directx sdk (june 2010)\include\xnamath.h(2662): warning C4838: 'unsigned int' から 'INT' への変換には縮小変換が必要です
c:\program files (x86)\microsoft directx sdk (june 2010)\include\xnamath.h(2663): warning C4838: 'unsigned int' から 'INT' への変換には縮小変換が必要です
c:\program files (x86)\microsoft directx sdk (june 2010)\include\xnamath.h(2664): warning C4838: 'unsigned int' から 'INT' への変換には縮小変換が必要です
c:\program files (x86)\microsoft directx sdk (june 2010)\include\xnamath.h(2665): warning C4838: 'unsigned int' から 'INT' への変換には縮小変換が必要です
c:\program files (x86)\microsoft directx sdk (june 2010)\include\xnamath.h(2666): warning C4838: 'unsigned int' から 'INT' への変換には縮小変換が必要です
c:\program files (x86)\microsoft directx sdk (june 2010)\include\xnamath.h(2667): warning C4838: 'unsigned int' から 'INT' への変換には縮小変換が必要です
c:\program files (x86)\microsoft directx sdk (june 2010)\include\xnamath.h(2668): warning C4838: 'unsigned int' から 'INT' への変換には縮小変換が必要です
c:\program files (x86)\microsoft directx sdk (june 2010)\include\xnamath.h(2689): warning C4838: 'unsigned int' から 'INT' への変換には縮小変換が必要です
c:\program files (x86)\microsoft directx sdk (june 2010)\include\xnamath.h(2690): warning C4838: 'unsigned int' から 'INT' への変換には縮小変換が必要です
c:\program files (x86)\microsoft directx sdk (june 2010)\include\xnamath.h(2691): warning C4838: 'unsigned int' から 'INT' への変換には縮小変換が必要です
c:\program files (x86)\microsoft directx sdk (june 2010)\include\xnamath.h(2694): warning C4838: 'unsigned int' から 'INT' への変換には縮小変換が必要です
c:\program files (x86)\microsoft directx sdk (june 2010)\include\xnamath.h(2695): warning C4838: 'unsigned int' から 'INT' への変換には縮小変換が必要です
c:\program files (x86)\microsoft directx sdk (june 2010)\include\xnamath.h(2698): warning C4838: 'unsigned int' から 'INT' への変換には縮小変換が必要です
c:\program files (x86)\microsoft directx sdk (june 2010)\include\xnamath.h(2702): warning C4838: 'unsigned int' から 'INT' への変換には縮小変換が必要です
c:\program files (x86)\microsoft directx sdk (june 2010)\include\xnamath.h(2712): warning C4838: 'unsigned int' から 'INT' への変換には縮小変換が必要です
c:\program files (x86)\microsoft directx sdk (june 2010)\include\xnamath.h(2713): warning C4838: 'unsigned int' から 'INT' への変換には縮小変換が必要です
c:\program files (x86)\microsoft directx sdk (june 2010)\include\xnamath.h(2715): warning C4838: 'unsigned int' から 'INT' への変換には縮小変換が必要です
c:\program files (x86)\microsoft directx sdk (june 2010)\include\xnamath.h(2716): warning C4838: 'unsigned int' から 'INT' への変換には縮小変換が必要です
c:\program files (x86)\microsoft directx sdk (june 2010)\include\xnamath.h(2717): warning C4838: 'unsigned int' から 'INT' への変換には縮小変換が必要です
c:\program files (x86)\microsoft directx sdk (june 2010)\include\xnamath.h(2727): warning C4838: 'unsigned int' から 'INT' への変換には縮小変換が必要です
c:\program files (x86)\microsoft directx sdk (june 2010)\include\xnamath.h(2728): warning C4838: 'unsigned int' から 'INT' への変換には縮小変換が必要です
c:\program files (x86)\microsoft directx sdk (june 2010)\include\xnamath.h(2729): warning C4838: 'unsigned int' から 'INT' への変換には縮小変換が必要です
c:\program files (x86)\microsoft directx sdk (june 2010)\include\xnamath.h(2730): warning C4838: 'unsigned int' から 'INT' への変換には縮小変換が必要です
c:\program files (x86)\microsoft directx sdk (june 2010)\include\xnamath.h(2731): warning C4838: 'unsigned int' から 'INT' への変換には縮小変換が必要です
c:\program files (x86)\microsoft directx sdk (june 2010)\include\xnamath.h(2732): warning C4838: 'unsigned int' から 'INT' への変換には縮小変換が必要です
c:\program files (x86)\microsoft directx sdk (june 2010)\include\xnamath.h(2742): warning C4838: 'unsigned int' から 'INT' への変換には縮小変換が必要です
c:\program files (x86)\microsoft directx sdk (june 2010)\include\xnamath.h(2743): warning C4838: 'unsigned int' から 'INT' への変換には縮小変換が必要です
c:\program files (x86)\microsoft directx sdk (june 2010)\include\xnamath.h(2754): warning C4838: 'unsigned int' から 'INT' への変換には縮小変換が必要です
c:\program files (x86)\microsoft directx sdk (june 2010)\include\xnamathconvert.inl(2254): warning C4838: 'unsigned int' から 'INT' への変換には縮小変換が必要です
c:\program files (x86)\microsoft directx sdk (june 2010)\include\xnamathconvert.inl(4523): warning C4838: 'unsigned int' から 'INT' への変換には縮小変換が必要です
c:\program files (x86)\microsoft directx sdk (june 2010)\include\xnamathconvert.inl(4577): warning C4838: 'unsigned int' から 'INT' への変換には縮小変換が必要です
c:\program files (x86)\microsoft directx sdk (june 2010)\include\xnamathconvert.inl(4639): warning C4838: 'unsigned int' から 'INT' への変換には縮小変換が必要です
c:\program files (x86)\microsoft directx sdk (june 2010)\include\xnamathconvert.inl(4707): warning C4838: 'unsigned int' から 'INT' への変換には縮小変換が必要です
c:\program files (x86)\microsoft directx sdk (june 2010)\include\xnamathconvert.inl(4770): warning C4838: 'unsigned int' から 'INT' への変換には縮小変換が必要です
c:\program files (x86)\microsoft directx sdk (june 2010)\include\xnamathconvert.inl(4832): warning C4838: 'unsigned int' から 'INT' への変換には縮小変換が必要です
c:\program files (x86)\microsoft directx sdk (june 2010)\include\xnamathvector.inl(1269): warning C4838: 'unsigned int' から 'INT' への変換には縮小変換が必要です
c:\program files (x86)\microsoft directx sdk (june 2010)\include\xnamathmisc.inl(518): warning C4838: 'unsigned int' から 'INT' への変換には縮小変換が必要です
c:\program files (x86)\microsoft directx sdk (june 2010)\include\xnamathmisc.inl(519): warning C4838: 'unsigned int' から 'INT' への変換には縮小変換が必要です
c:\users\1401349\documents\workinggames\slimegame\directx11\directx11_1\define.h(60): warning C4244: 'return': 'double' から 'float' への変換です。データが失われる可能性があります。
  コードを生成中...
  コンパイル中...
  TessPlane.cpp
c:\program files (x86)\microsoft directx sdk (june 2010)\include\xnamath.h(2662): warning C4838: 'unsigned int' から 'INT' への変換には縮小変換が必要です
c:\program files (x86)\microsoft directx sdk (june 2010)\include\xnamath.h(2663): warning C4838: 'unsigned int' から 'INT' への変換には縮小変換が必要です
c:\program files (x86)\microsoft directx sdk (june 2010)\include\xnamath.h(2664): warning C4838: 'unsigned int' から 'INT' への変換には縮小変換が必要です
c:\program files (x86)\microsoft directx sdk (june 2010)\include\xnamath.h(2665): warning C4838: 'unsigned int' から 'INT' への変換には縮小変換が必要です
c:\program files (x86)\microsoft directx sdk (june 2010)\include\xnamath.h(2666): warning C4838: 'unsigned int' から 'INT' への変換には縮小変換が必要です
c:\program files (x86)\microsoft directx sdk (june 2010)\include\xnamath.h(2667): warning C4838: 'unsigned int' から 'INT' への変換には縮小変換が必要です
c:\program files (x86)\microsoft directx sdk (june 2010)\include\xnamath.h(2668): warning C4838: 'unsigned int' から 'INT' への変換には縮小変換が必要です
c:\program files (x86)\microsoft directx sdk (june 2010)\include\xnamath.h(2689): warning C4838: 'unsigned int' から 'INT' への変換には縮小変換が必要です
c:\program files (x86)\microsoft directx sdk (june 2010)\include\xnamath.h(2690): warning C4838: 'unsigned int' から 'INT' への変換には縮小変換が必要です
c:\program files (x86)\microsoft directx sdk (june 2010)\include\xnamath.h(2691): warning C4838: 'unsigned int' から 'INT' への変換には縮小変換が必要です
c:\program files (x86)\microsoft directx sdk (june 2010)\include\xnamath.h(2694): warning C4838: 'unsigned int' から 'INT' への変換には縮小変換が必要です
c:\program files (x86)\microsoft directx sdk (june 2010)\include\xnamath.h(2695): warning C4838: 'unsigned int' から 'INT' への変換には縮小変換が必要です
c:\program files (x86)\microsoft directx sdk (june 2010)\include\xnamath.h(2698): warning C4838: 'unsigned int' から 'INT' への変換には縮小変換が必要です
c:\program files (x86)\microsoft directx sdk (june 2010)\include\xnamath.h(2702): warning C4838: 'unsigned int' から 'INT' への変換には縮小変換が必要です
c:\program files (x86)\microsoft directx sdk (june 2010)\include\xnamath.h(2712): warning C4838: 'unsigned int' から 'INT' への変換には縮小変換が必要です
c:\program files (x86)\microsoft directx sdk (june 2010)\include\xnamath.h(2713): warning C4838: 'unsigned int' から 'INT' への変換には縮小変換が必要です
c:\program files (x86)\microsoft directx sdk (june 2010)\include\xnamath.h(2715): warning C4838: 'unsigned int' から 'INT' への変換には縮小変換が必要です
c:\program files (x86)\microsoft directx sdk (june 2010)\include\xnamath.h(2716): warning C4838: 'unsigned int' から 'INT' への変換には縮小変換が必要です
c:\program files (x86)\microsoft directx sdk (june 2010)\include\xnamath.h(2717): warning C4838: 'unsigned int' から 'INT' への変換には縮小変換が必要です
c:\program files (x86)\microsoft directx sdk (june 2010)\include\xnamath.h(2727): warning C4838: 'unsigned int' から 'INT' への変換には縮小変換が必要です
c:\program files (x86)\microsoft directx sdk (june 2010)\include\xnamath.h(2728): warning C4838: 'unsigned int' から 'INT' への変換には縮小変換が必要です
c:\program files (x86)\microsoft directx sdk (june 2010)\include\xnamath.h(2729): warning C4838: 'unsigned int' から 'INT' への変換には縮小変換が必要です
c:\program files (x86)\microsoft directx sdk (june 2010)\include\xnamath.h(2730): warning C4838: 'unsigned int' から 'INT' への変換には縮小変換が必要です
c:\program files (x86)\microsoft directx sdk (june 2010)\include\xnamath.h(2731): warning C4838: 'unsigned int' から 'INT' への変換には縮小変換が必要です
c:\program files (x86)\microsoft directx sdk (june 2010)\include\xnamath.h(2732): warning C4838: 'unsigned int' から 'INT' への変換には縮小変換が必要です
c:\program files (x86)\microsoft directx sdk (june 2010)\include\xnamath.h(2742): warning C4838: 'unsigned int' から 'INT' への変換には縮小変換が必要です
c:\program files (x86)\microsoft directx sdk (june 2010)\include\xnamath.h(2743): warning C4838: 'unsigned int' から 'INT' への変換には縮小変換が必要です
c:\program files (x86)\microsoft directx sdk (june 2010)\include\xnamath.h(2754): warning C4838: 'unsigned int' から 'INT' への変換には縮小変換が必要です
c:\program files (x86)\microsoft directx sdk (june 2010)\include\xnamathconvert.inl(2254): warning C4838: 'unsigned int' から 'INT' への変換には縮小変換が必要です
c:\program files (x86)\microsoft directx sdk (june 2010)\include\xnamathconvert.inl(4523): warning C4838: 'unsigned int' から 'INT' への変換には縮小変換が必要です
c:\program files (x86)\microsoft directx sdk (june 2010)\include\xnamathconvert.inl(4577): warning C4838: 'unsigned int' から 'INT' への変換には縮小変換が必要です
c:\program files (x86)\microsoft directx sdk (june 2010)\include\xnamathconvert.inl(4639): warning C4838: 'unsigned int' から 'INT' への変換には縮小変換が必要です
c:\program files (x86)\microsoft directx sdk (june 2010)\include\xnamathconvert.inl(4707): warning C4838: 'unsigned int' から 'INT' への変換には縮小変換が必要です
c:\program files (x86)\microsoft directx sdk (june 2010)\include\xnamathconvert.inl(4770): warning C4838: 'unsigned int' から 'INT' への変換には縮小変換が必要です
c:\program files (x86)\microsoft directx sdk (june 2010)\include\xnamathconvert.inl(4832): warning C4838: 'unsigned int' から 'INT' への変換には縮小変換が必要です
c:\program files (x86)\microsoft directx sdk (june 2010)\include\xnamathvector.inl(1269): warning C4838: 'unsigned int' から 'INT' への変換には縮小変換が必要です
c:\program files (x86)\microsoft directx sdk (june 2010)\include\xnamathmisc.inl(518): warning C4838: 'unsigned int' から 'INT' への変換には縮小変換が必要です
c:\program files (x86)\microsoft directx sdk (june 2010)\include\xnamathmisc.inl(519): warning C4838: 'unsigned int' から 'INT' への変換には縮小変換が必要です
c:\users\1401349\documents\workinggames\slimegame\directx11\directx11_1\define.h(60): warning C4244: 'return': 'double' から 'float' への変換です。データが失われる可能性があります。
  Sphere.cpp
c:\program files (x86)\microsoft directx sdk (june 2010)\include\xnamath.h(2662): warning C4838: 'unsigned int' から 'INT' への変換には縮小変換が必要です
c:\program files (x86)\microsoft directx sdk (june 2010)\include\xnamath.h(2663): warning C4838: 'unsigned int' から 'INT' への変換には縮小変換が必要です
c:\program files (x86)\microsoft directx sdk (june 2010)\include\xnamath.h(2664): warning C4838: 'unsigned int' から 'INT' への変換には縮小変換が必要です
c:\program files (x86)\microsoft directx sdk (june 2010)\include\xnamath.h(2665): warning C4838: 'unsigned int' から 'INT' への変換には縮小変換が必要です
c:\program files (x86)\microsoft directx sdk (june 2010)\include\xnamath.h(2666): warning C4838: 'unsigned int' から 'INT' への変換には縮小変換が必要です
c:\program files (x86)\microsoft directx sdk (june 2010)\include\xnamath.h(2667): warning C4838: 'unsigned int' から 'INT' への変換には縮小変換が必要です
c:\program files (x86)\microsoft directx sdk (june 2010)\include\xnamath.h(2668): warning C4838: 'unsigned int' から 'INT' への変換には縮小変換が必要です
c:\program files (x86)\microsoft directx sdk (june 2010)\include\xnamath.h(2689): warning C4838: 'unsigned int' から 'INT' への変換には縮小変換が必要です
c:\program files (x86)\microsoft directx sdk (june 2010)\include\xnamath.h(2690): warning C4838: 'unsigned int' から 'INT' への変換には縮小変換が必要です
c:\program files (x86)\microsoft directx sdk (june 2010)\include\xnamath.h(2691): warning C4838: 'unsigned int' から 'INT' への変換には縮小変換が必要です
c:\program files (x86)\microsoft directx sdk (june 2010)\include\xnamath.h(2694): warning C4838: 'unsigned int' から 'INT' への変換には縮小変換が必要です
c:\program files (x86)\microsoft directx sdk (june 2010)\include\xnamath.h(2695): warning C4838: 'unsigned int' から 'INT' への変換には縮小変換が必要です
c:\program files (x86)\microsoft directx sdk (june 2010)\include\xnamath.h(2698): warning C4838: 'unsigned int' から 'INT' への変換には縮小変換が必要です
c:\program files (x86)\microsoft directx sdk (june 2010)\include\xnamath.h(2702): warning C4838: 'unsigned int' から 'INT' への変換には縮小変換が必要です
c:\program files (x86)\microsoft directx sdk (june 2010)\include\xnamath.h(2712): warning C4838: 'unsigned int' から 'INT' への変換には縮小変換が必要です
c:\program files (x86)\microsoft directx sdk (june 2010)\include\xnamath.h(2713): warning C4838: 'unsigned int' から 'INT' への変換には縮小変換が必要です
c:\program files (x86)\microsoft directx sdk (june 2010)\include\xnamath.h(2715): warning C4838: 'unsigned int' から 'INT' への変換には縮小変換が必要です
c:\program files (x86)\microsoft directx sdk (june 2010)\include\xnamath.h(2716): warning C4838: 'unsigned int' から 'INT' への変換には縮小変換が必要です
c:\program files (x86)\microsoft directx sdk (june 2010)\include\xnamath.h(2717): warning C4838: 'unsigned int' から 'INT' への変換には縮小変換が必要です
c:\program files (x86)\microsoft directx sdk (june 2010)\include\xnamath.h(2727): warning C4838: 'unsigned int' から 'INT' への変換には縮小変換が必要です
c:\program files (x86)\microsoft directx sdk (june 2010)\include\xnamath.h(2728): warning C4838: 'unsigned int' から 'INT' への変換には縮小変換が必要です
c:\program files (x86)\microsoft directx sdk (june 2010)\include\xnamath.h(2729): warning C4838: 'unsigned int' から 'INT' への変換には縮小変換が必要です
c:\program files (x86)\microsoft directx sdk (june 2010)\include\xnamath.h(2730): warning C4838: 'unsigned int' から 'INT' への変換には縮小変換が必要です
c:\program files (x86)\microsoft directx sdk (june 2010)\include\xnamath.h(2731): warning C4838: 'unsigned int' から 'INT' への変換には縮小変換が必要です
c:\program files (x86)\microsoft directx sdk (june 2010)\include\xnamath.h(2732): warning C4838: 'unsigned int' から 'INT' への変換には縮小変換が必要です
c:\program files (x86)\microsoft directx sdk (june 2010)\include\xnamath.h(2742): warning C4838: 'unsigned int' から 'INT' への変換には縮小変換が必要です
c:\program files (x86)\microsoft directx sdk (june 2010)\include\xnamath.h(2743): warning C4838: 'unsigned int' から 'INT' への変換には縮小変換が必要です
c:\program files (x86)\microsoft directx sdk (june 2010)\include\xnamath.h(2754): warning C4838: 'unsigned int' から 'INT' への変換には縮小変換が必要です
c:\program files (x86)\microsoft directx sdk (june 2010)\include\xnamathconvert.inl(2254): warning C4838: 'unsigned int' から 'INT' への変換には縮小変換が必要です
c:\program files (x86)\microsoft directx sdk (june 2010)\include\xnamathconvert.inl(4523): warning C4838: 'unsigned int' から 'INT' への変換には縮小変換が必要です
c:\program files (x86)\microsoft directx sdk (june 2010)\include\xnamathconvert.inl(4577): warning C4838: 'unsigned int' から 'INT' への変換には縮小変換が必要です
c:\program files (x86)\microsoft directx sdk (june 2010)\include\xnamathconvert.inl(4639): warning C4838: 'unsigned int' から 'INT' への変換には縮小変換が必要です
c:\program files (x86)\microsoft directx sdk (june 2010)\include\xnamathconvert.inl(4707): warning C4838: 'unsigned int' から 'INT' への変換には縮小変換が必要です
c:\program files (x86)\microsoft directx sdk (june 2010)\include\xnamathconvert.inl(4770): warning C4838: 'unsigned int' から 'INT' への変換には縮小変換が必要です
c:\program files (x86)\microsoft directx sdk (june 2010)\include\xnamathconvert.inl(4832): warning C4838: 'unsigned int' から 'INT' への変換には縮小変換が必要です
c:\program files (x86)\microsoft directx sdk (june 2010)\include\xnamathvector.inl(1269): warning C4838: 'unsigned int' から 'INT' への変換には縮小変換が必要です
c:\program files (x86)\microsoft directx sdk (june 2010)\include\xnamathmisc.inl(518): warning C4838: 'unsigned int' から 'INT' への変換には縮小変換が必要です
c:\program files (x86)\microsoft directx sdk (june 2010)\include\xnamathmisc.inl(519): warning C4838: 'unsigned int' から 'INT' への変換には縮小変換が必要です
c:\users\1401349\documents\workinggames\slimegame\directx11\directx11_1\define.h(60): warning C4244: 'return': 'double' から 'float' への変換です。データが失われる可能性があります。
c:\users\1401349\documents\workinggames\slimegame\directx11\directx11_1\sphere.cpp(30): warning C4018: '<': signed と unsigned の数値を比較しようとしました。
c:\users\1401349\documents\workinggames\slimegame\directx11\directx11_1\sphere.cpp(33): warning C4018: '<': signed と unsigned の数値を比較しようとしました。
c:\users\1401349\documents\workinggames\slimegame\directx11\directx11_1\sphere.cpp(43): warning C4018: '>': signed と unsigned の数値を比較しようとしました。
c:\users\1401349\documents\workinggames\slimegame\directx11\directx11_1\sphere.cpp(79): warning C4018: '<': signed と unsigned の数値を比較しようとしました。
c:\users\1401349\documents\workinggames\slimegame\directx11\directx11_1\sphere.cpp(81): warning C4018: '<': signed と unsigned の数値を比較しようとしました。
c:\users\1401349\documents\workinggames\slimegame\directx11\directx11_1\sphere.cpp(397): warning C4244: '引数': 'int' から 'float' への変換です。データが失われる可能性があります。
c:\users\1401349\documents\workinggames\slimegame\directx11\directx11_1\sphere.cpp(398): warning C4244: '引数': 'int' から 'float' への変換です。データが失われる可能性があります。
  SkySphere.cpp
c:\program files (x86)\microsoft directx sdk (june 2010)\include\xnamath.h(2662): warning C4838: 'unsigned int' から 'INT' への変換には縮小変換が必要です
c:\program files (x86)\microsoft directx sdk (june 2010)\include\xnamath.h(2663): warning C4838: 'unsigned int' から 'INT' への変換には縮小変換が必要です
c:\program files (x86)\microsoft directx sdk (june 2010)\include\xnamath.h(2664): warning C4838: 'unsigned int' から 'INT' への変換には縮小変換が必要です
c:\program files (x86)\microsoft directx sdk (june 2010)\include\xnamath.h(2665): warning C4838: 'unsigned int' から 'INT' への変換には縮小変換が必要です
c:\program files (x86)\microsoft directx sdk (june 2010)\include\xnamath.h(2666): warning C4838: 'unsigned int' から 'INT' への変換には縮小変換が必要です
c:\program files (x86)\microsoft directx sdk (june 2010)\include\xnamath.h(2667): warning C4838: 'unsigned int' から 'INT' への変換には縮小変換が必要です
c:\program files (x86)\microsoft directx sdk (june 2010)\include\xnamath.h(2668): warning C4838: 'unsigned int' から 'INT' への変換には縮小変換が必要です
c:\program files (x86)\microsoft directx sdk (june 2010)\include\xnamath.h(2689): warning C4838: 'unsigned int' から 'INT' への変換には縮小変換が必要です
c:\program files (x86)\microsoft directx sdk (june 2010)\include\xnamath.h(2690): warning C4838: 'unsigned int' から 'INT' への変換には縮小変換が必要です
c:\program files (x86)\microsoft directx sdk (june 2010)\include\xnamath.h(2691): warning C4838: 'unsigned int' から 'INT' への変換には縮小変換が必要です
c:\program files (x86)\microsoft directx sdk (june 2010)\include\xnamath.h(2694): warning C4838: 'unsigned int' から 'INT' への変換には縮小変換が必要です
c:\program files (x86)\microsoft directx sdk (june 2010)\include\xnamath.h(2695): warning C4838: 'unsigned int' から 'INT' への変換には縮小変換が必要です
c:\program files (x86)\microsoft directx sdk (june 2010)\include\xnamath.h(2698): warning C4838: 'unsigned int' から 'INT' への変換には縮小変換が必要です
c:\program files (x86)\microsoft directx sdk (june 2010)\include\xnamath.h(2702): warning C4838: 'unsigned int' から 'INT' への変換には縮小変換が必要です
c:\program files (x86)\microsoft directx sdk (june 2010)\include\xnamath.h(2712): warning C4838: 'unsigned int' から 'INT' への変換には縮小変換が必要です
c:\program files (x86)\microsoft directx sdk (june 2010)\include\xnamath.h(2713): warning C4838: 'unsigned int' から 'INT' への変換には縮小変換が必要です
c:\program files (x86)\microsoft directx sdk (june 2010)\include\xnamath.h(2715): warning C4838: 'unsigned int' から 'INT' への変換には縮小変換が必要です
c:\program files (x86)\microsoft directx sdk (june 2010)\include\xnamath.h(2716): warning C4838: 'unsigned int' から 'INT' への変換には縮小変換が必要です
c:\program files (x86)\microsoft directx sdk (june 2010)\include\xnamath.h(2717): warning C4838: 'unsigned int' から 'INT' への変換には縮小変換が必要です
c:\program files (x86)\microsoft directx sdk (june 2010)\include\xnamath.h(2727): warning C4838: 'unsigned int' から 'INT' への変換には縮小変換が必要です
c:\program files (x86)\microsoft directx sdk (june 2010)\include\xnamath.h(2728): warning C4838: 'unsigned int' から 'INT' への変換には縮小変換が必要です
c:\program files (x86)\microsoft directx sdk (june 2010)\include\xnamath.h(2729): warning C4838: 'unsigned int' から 'INT' への変換には縮小変換が必要です
c:\program files (x86)\microsoft directx sdk (june 2010)\include\xnamath.h(2730): warning C4838: 'unsigned int' から 'INT' への変換には縮小変換が必要です
c:\program files (x86)\microsoft directx sdk (june 2010)\include\xnamath.h(2731): warning C4838: 'unsigned int' から 'INT' への変換には縮小変換が必要です
c:\program files (x86)\microsoft directx sdk (june 2010)\include\xnamath.h(2732): warning C4838: 'unsigned int' から 'INT' への変換には縮小変換が必要です
c:\program files (x86)\microsoft directx sdk (june 2010)\include\xnamath.h(2742): warning C4838: 'unsigned int' から 'INT' への変換には縮小変換が必要です
c:\program files (x86)\microsoft directx sdk (june 2010)\include\xnamath.h(2743): warning C4838: 'unsigned int' から 'INT' への変換には縮小変換が必要です
c:\program files (x86)\microsoft directx sdk (june 2010)\include\xnamath.h(2754): warning C4838: 'unsigned int' から 'INT' への変換には縮小変換が必要です
c:\program files (x86)\microsoft directx sdk (june 2010)\include\xnamathconvert.inl(2254): warning C4838: 'unsigned int' から 'INT' への変換には縮小変換が必要です
c:\program files (x86)\microsoft directx sdk (june 2010)\include\xnamathconvert.inl(4523): warning C4838: 'unsigned int' から 'INT' への変換には縮小変換が必要です
c:\program files (x86)\microsoft directx sdk (june 2010)\include\xnamathconvert.inl(4577): warning C4838: 'unsigned int' から 'INT' への変換には縮小変換が必要です
c:\program files (x86)\microsoft directx sdk (june 2010)\include\xnamathconvert.inl(4639): warning C4838: 'unsigned int' から 'INT' への変換には縮小変換が必要です
c:\program files (x86)\microsoft directx sdk (june 2010)\include\xnamathconvert.inl(4707): warning C4838: 'unsigned int' から 'INT' への変換には縮小変換が必要です
c:\program files (x86)\microsoft directx sdk (june 2010)\include\xnamathconvert.inl(4770): warning C4838: 'unsigned int' から 'INT' への変換には縮小変換が必要です
c:\program files (x86)\microsoft directx sdk (june 2010)\include\xnamathconvert.inl(4832): warning C4838: 'unsigned int' から 'INT' への変換には縮小変換が必要です
c:\program files (x86)\microsoft directx sdk (june 2010)\include\xnamathvector.inl(1269): warning C4838: 'unsigned int' から 'INT' への変換には縮小変換が必要です
c:\program files (x86)\microsoft directx sdk (june 2010)\include\xnamathmisc.inl(518): warning C4838: 'unsigned int' から 'INT' への変換には縮小変換が必要です
c:\program files (x86)\microsoft directx sdk (june 2010)\include\xnamathmisc.inl(519): warning C4838: 'unsigned int' から 'INT' への変換には縮小変換が必要です
c:\users\1401349\documents\workinggames\slimegame\directx11\directx11_1\define.h(60): warning C4244: 'return': 'double' から 'float' への変換です。データが失われる可能性があります。
c:\users\1401349\documents\workinggames\slimegame\directx11\directx11_1\skysphere.cpp(30): warning C4018: '<': signed と unsigned の数値を比較しようとしました。
c:\users\1401349\documents\workinggames\slimegame\directx11\directx11_1\skysphere.cpp(33): warning C4018: '<': signed と unsigned の数値を比較しようとしました。
c:\users\1401349\documents\workinggames\slimegame\directx11\directx11_1\skysphere.cpp(43): warning C4018: '>': signed と unsigned の数値を比較しようとしました。
c:\users\1401349\documents\workinggames\slimegame\directx11\directx11_1\skysphere.cpp(79): warning C4018: '<': signed と unsigned の数値を比較しようとしました。
c:\users\1401349\documents\workinggames\slimegame\directx11\directx11_1\skysphere.cpp(81): warning C4018: '<': signed と unsigned の数値を比較しようとしました。
c:\users\1401349\documents\workinggames\slimegame\directx11\directx11_1\skysphere.cpp(342): warning C4244: '引数': 'int' から 'float' への変換です。データが失われる可能性があります。
c:\users\1401349\documents\workinggames\slimegame\directx11\directx11_1\skysphere.cpp(343): warning C4244: '引数': 'int' から 'float' への変換です。データが失われる可能性があります。
  PlayingScene.cpp
c:\program files (x86)\microsoft directx sdk (june 2010)\include\xnamath.h(2662): warning C4838: 'unsigned int' から 'INT' への変換には縮小変換が必要です
c:\program files (x86)\microsoft directx sdk (june 2010)\include\xnamath.h(2663): warning C4838: 'unsigned int' から 'INT' への変換には縮小変換が必要です
c:\program files (x86)\microsoft directx sdk (june 2010)\include\xnamath.h(2664): warning C4838: 'unsigned int' から 'INT' への変換には縮小変換が必要です
c:\program files (x86)\microsoft directx sdk (june 2010)\include\xnamath.h(2665): warning C4838: 'unsigned int' から 'INT' への変換には縮小変換が必要です
c:\program files (x86)\microsoft directx sdk (june 2010)\include\xnamath.h(2666): warning C4838: 'unsigned int' から 'INT' への変換には縮小変換が必要です
c:\program files (x86)\microsoft directx sdk (june 2010)\include\xnamath.h(2667): warning C4838: 'unsigned int' から 'INT' への変換には縮小変換が必要です
c:\program files (x86)\microsoft directx sdk (june 2010)\include\xnamath.h(2668): warning C4838: 'unsigned int' から 'INT' への変換には縮小変換が必要です
c:\program files (x86)\microsoft directx sdk (june 2010)\include\xnamath.h(2689): warning C4838: 'unsigned int' から 'INT' への変換には縮小変換が必要です
c:\program files (x86)\microsoft directx sdk (june 2010)\include\xnamath.h(2690): warning C4838: 'unsigned int' から 'INT' への変換には縮小変換が必要です
c:\program files (x86)\microsoft directx sdk (june 2010)\include\xnamath.h(2691): warning C4838: 'unsigned int' から 'INT' への変換には縮小変換が必要です
c:\program files (x86)\microsoft directx sdk (june 2010)\include\xnamath.h(2694): warning C4838: 'unsigned int' から 'INT' への変換には縮小変換が必要です
c:\program files (x86)\microsoft directx sdk (june 2010)\include\xnamath.h(2695): warning C4838: 'unsigned int' から 'INT' への変換には縮小変換が必要です
c:\program files (x86)\microsoft directx sdk (june 2010)\include\xnamath.h(2698): warning C4838: 'unsigned int' から 'INT' への変換には縮小変換が必要です
c:\program files (x86)\microsoft directx sdk (june 2010)\include\xnamath.h(2702): warning C4838: 'unsigned int' から 'INT' への変換には縮小変換が必要です
c:\program files (x86)\microsoft directx sdk (june 2010)\include\xnamath.h(2712): warning C4838: 'unsigned int' から 'INT' への変換には縮小変換が必要です
c:\program files (x86)\microsoft directx sdk (june 2010)\include\xnamath.h(2713): warning C4838: 'unsigned int' から 'INT' への変換には縮小変換が必要です
c:\program files (x86)\microsoft directx sdk (june 2010)\include\xnamath.h(2715): warning C4838: 'unsigned int' から 'INT' への変換には縮小変換が必要です
c:\program files (x86)\microsoft directx sdk (june 2010)\include\xnamath.h(2716): warning C4838: 'unsigned int' から 'INT' への変換には縮小変換が必要です
c:\program files (x86)\microsoft directx sdk (june 2010)\include\xnamath.h(2717): warning C4838: 'unsigned int' から 'INT' への変換には縮小変換が必要です
c:\program files (x86)\microsoft directx sdk (june 2010)\include\xnamath.h(2727): warning C4838: 'unsigned int' から 'INT' への変換には縮小変換が必要です
c:\program files (x86)\microsoft directx sdk (june 2010)\include\xnamath.h(2728): warning C4838: 'unsigned int' から 'INT' への変換には縮小変換が必要です
c:\program files (x86)\microsoft directx sdk (june 2010)\include\xnamath.h(2729): warning C4838: 'unsigned int' から 'INT' への変換には縮小変換が必要です
c:\program files (x86)\microsoft directx sdk (june 2010)\include\xnamath.h(2730): warning C4838: 'unsigned int' から 'INT' への変換には縮小変換が必要です
c:\program files (x86)\microsoft directx sdk (june 2010)\include\xnamath.h(2731): warning C4838: 'unsigned int' から 'INT' への変換には縮小変換が必要です
c:\program files (x86)\microsoft directx sdk (june 2010)\include\xnamath.h(2732): warning C4838: 'unsigned int' から 'INT' への変換には縮小変換が必要です
c:\program files (x86)\microsoft directx sdk (june 2010)\include\xnamath.h(2742): warning C4838: 'unsigned int' から 'INT' への変換には縮小変換が必要です
c:\program files (x86)\microsoft directx sdk (june 2010)\include\xnamath.h(2743): warning C4838: 'unsigned int' から 'INT' への変換には縮小変換が必要です
c:\program files (x86)\microsoft directx sdk (june 2010)\include\xnamath.h(2754): warning C4838: 'unsigned int' から 'INT' への変換には縮小変換が必要です
c:\program files (x86)\microsoft directx sdk (june 2010)\include\xnamathconvert.inl(2254): warning C4838: 'unsigned int' から 'INT' への変換には縮小変換が必要です
c:\program files (x86)\microsoft directx sdk (june 2010)\include\xnamathconvert.inl(4523): warning C4838: 'unsigned int' から 'INT' への変換には縮小変換が必要です
c:\program files (x86)\microsoft directx sdk (june 2010)\include\xnamathconvert.inl(4577): warning C4838: 'unsigned int' から 'INT' への変換には縮小変換が必要です
c:\program files (x86)\microsoft directx sdk (june 2010)\include\xnamathconvert.inl(4639): warning C4838: 'unsigned int' から 'INT' への変換には縮小変換が必要です
c:\program files (x86)\microsoft directx sdk (june 2010)\include\xnamathconvert.inl(4707): warning C4838: 'unsigned int' から 'INT' への変換には縮小変換が必要です
c:\program files (x86)\microsoft directx sdk (june 2010)\include\xnamathconvert.inl(4770): warning C4838: 'unsigned int' から 'INT' への変換には縮小変換が必要です
c:\program files (x86)\microsoft directx sdk (june 2010)\include\xnamathconvert.inl(4832): warning C4838: 'unsigned int' から 'INT' への変換には縮小変換が必要です
c:\program files (x86)\microsoft directx sdk (june 2010)\include\xnamathvector.inl(1269): warning C4838: 'unsigned int' から 'INT' への変換には縮小変換が必要です
c:\program files (x86)\microsoft directx sdk (june 2010)\include\xnamathmisc.inl(518): warning C4838: 'unsigned int' から 'INT' への変換には縮小変換が必要です
c:\program files (x86)\microsoft directx sdk (june 2010)\include\xnamathmisc.inl(519): warning C4838: 'unsigned int' から 'INT' への変換には縮小変換が必要です
c:\users\1401349\documents\workinggames\slimegame\directx11\directx11_1\define.h(60): warning C4244: 'return': 'double' から 'float' への変換です。データが失われる可能性があります。
c:\users\1401349\documents\workinggames\slimegame\directx11\directx11_1\playingscene.cpp(88): warning C4101: 'result': ローカル変数は 1 度も使われていません。
c:\users\1401349\documents\workinggames\slimegame\directx11\directx11_1\playingscene.cpp(269): warning C4244: '引数': 'LONG' から 'float' への変換です。データが失われる可能性があります。
c:\users\1401349\documents\workinggames\slimegame\directx11\directx11_1\playingscene.cpp(521): warning C4838: 'float' から 'LONG' への変換には縮小変換が必要です
c:\users\1401349\documents\workinggames\slimegame\directx11\directx11_1\playingscene.cpp(521): warning C4244: '初期化中': 'float' から 'LONG' への変換です。データが失われる可能性があります。
c:\program files (x86)\microsoft visual studio 14.0\vc\include\memory(1630): warning C4316: 'Player': ヒープで割り当てられたオブジェクトが 16 にアラインメントされていない可能性があります
  c:\users\1401349\documents\workinggames\slimegame\directx11\directx11_1\playingscene.cpp(106): note: コンパイル対象の関数 テンプレート インスタンス化 'std::unique_ptr<Player,std::default_delete<_Ty>> std::make_unique<Player,std::shared_ptr<Camera>&>(std::shared_ptr<Camera> &)' のリファレンスを確認してください
          with
          [
              _Ty=Player
          ]
c:\program files (x86)\microsoft visual studio 14.0\vc\include\memory(1630): warning C4244: '引数': 'int' から 'float' への変換です。データが失われる可能性があります。
  c:\users\1401349\documents\workinggames\slimegame\directx11\directx11_1\playingscene.cpp(109): note: コンパイル対象の関数 テンプレート インスタンス化 'std::unique_ptr<Plane,std::default_delete<_Ty>> std::make_unique<Plane,int,int,Vector3,std::shared_ptr<Camera>&>(int &&,int &&,Vector3 &&,std::shared_ptr<Camera> &)' のリファレンスを確認してください
          with
          [
              _Ty=Plane
          ]
c:\program files (x86)\microsoft visual studio 14.0\vc\include\memory(1630): warning C4316: 'Plane': ヒープで割り当てられたオブジェクトが 16 にアラインメントされていない可能性があります
c:\program files (x86)\microsoft visual studio 14.0\vc\include\memory(1630): warning C4316: 'Cylinder': ヒープで割り当てられたオブジェクトが 16 にアラインメントされていない可能性があります
c:\program files (x86)\microsoft visual studio 14.0\vc\include\memory(1630): warning C4316: 'Sphere': ヒープで割り当てられたオブジェクトが 16 にアラインメントされていない可能性があります
c:\program files (x86)\microsoft visual studio 14.0\vc\include\memory(1630): warning C4316: 'TessPlane': ヒープで割り当てられたオブジェクトが 16 にアラインメントされていない可能性があります
c:\program files (x86)\microsoft visual studio 14.0\vc\include\memory(1630): warning C4316: 'DecalBox': ヒープで割り当てられたオブジェクトが 16 にアラインメントされていない可能性があります
c:\program files (x86)\microsoft visual studio 14.0\vc\include\memory(1630): warning C4316: 'SkySphere': ヒープで割り当てられたオブジェクトが 16 にアラインメントされていない可能性があります
  c:\users\1401349\documents\workinggames\slimegame\directx11\directx11_1\playingscene.cpp(116): note: コンパイル対象の関数 テンプレート インスタンス化 'std::unique_ptr<SkySphere,std::default_delete<_Ty>> std::make_unique<SkySphere,int,const float&,std::shared_ptr<Camera>&>(int &&,const float &,std::shared_ptr<Camera> &)' のリファレンスを確認してください
          with
          [
              _Ty=SkySphere
          ]
c:\program files (x86)\microsoft visual studio 14.0\vc\include\memory(1630): warning C4316: 'DecalFactory': ヒープで割り当てられたオブジェクトが 16 にアラインメントされていない可能性があります
  c:\users\1401349\documents\workinggames\slimegame\directx11\directx11_1\playingscene.cpp(123): note: コンパイル対象の関数 テンプレート インスタンス化 'std::unique_ptr<DecalFactory,std::default_delete<_Ty>> std::make_unique<DecalFactory,std::shared_ptr<Camera>&>(std::shared_ptr<Camera> &)' のリファレンスを確認してください
          with
          [
              _Ty=DecalFactory
          ]
c:\program files (x86)\microsoft visual studio 14.0\vc\include\memory(1630): warning C4316: 'Billboard': ヒープで割り当てられたオブジェクトが 16 にアラインメントされていない可能性があります
c:\program files (x86)\microsoft visual studio 14.0\vc\include\memory(1630): warning C4244: '引数': 'int' から 'const float' への変換です。データが失われる可能性があります。
  c:\users\1401349\documents\workinggames\slimegame\directx11\directx11_1\playingscene.cpp(131): note: コンパイル対象の関数 テンプレート インスタンス化 'std::unique_ptr<HUD,std::default_delete<_Ty>> std::make_unique<HUD,std::shared_ptr<Camera>&,int,int,int,int>(std::shared_ptr<Camera> &,int &&,int &&,int &&,int &&)' のリファレンスを確認してください
          with
          [
              _Ty=HUD
          ]
c:\program files (x86)\microsoft visual studio 14.0\vc\include\memory(1630): warning C4316: 'HUD': ヒープで割り当てられたオブジェクトが 16 にアラインメントされていない可能性があります
  Player.cpp
c:\program files (x86)\microsoft directx sdk (june 2010)\include\xnamath.h(2662): warning C4838: 'unsigned int' から 'INT' への変換には縮小変換が必要です
c:\program files (x86)\microsoft directx sdk (june 2010)\include\xnamath.h(2663): warning C4838: 'unsigned int' から 'INT' への変換には縮小変換が必要です
c:\program files (x86)\microsoft directx sdk (june 2010)\include\xnamath.h(2664): warning C4838: 'unsigned int' から 'INT' への変換には縮小変換が必要です
c:\program files (x86)\microsoft directx sdk (june 2010)\include\xnamath.h(2665): warning C4838: 'unsigned int' から 'INT' への変換には縮小変換が必要です
c:\program files (x86)\microsoft directx sdk (june 2010)\include\xnamath.h(2666): warning C4838: 'unsigned int' から 'INT' への変換には縮小変換が必要です
c:\program files (x86)\microsoft directx sdk (june 2010)\include\xnamath.h(2667): warning C4838: 'unsigned int' から 'INT' への変換には縮小変換が必要です
c:\program files (x86)\microsoft directx sdk (june 2010)\include\xnamath.h(2668): warning C4838: 'unsigned int' から 'INT' への変換には縮小変換が必要です
c:\program files (x86)\microsoft directx sdk (june 2010)\include\xnamath.h(2689): warning C4838: 'unsigned int' から 'INT' への変換には縮小変換が必要です
c:\program files (x86)\microsoft directx sdk (june 2010)\include\xnamath.h(2690): warning C4838: 'unsigned int' から 'INT' への変換には縮小変換が必要です
c:\program files (x86)\microsoft directx sdk (june 2010)\include\xnamath.h(2691): warning C4838: 'unsigned int' から 'INT' への変換には縮小変換が必要です
c:\program files (x86)\microsoft directx sdk (june 2010)\include\xnamath.h(2694): warning C4838: 'unsigned int' から 'INT' への変換には縮小変換が必要です
c:\program files (x86)\microsoft directx sdk (june 2010)\include\xnamath.h(2695): warning C4838: 'unsigned int' から 'INT' への変換には縮小変換が必要です
c:\program files (x86)\microsoft directx sdk (june 2010)\include\xnamath.h(2698): warning C4838: 'unsigned int' から 'INT' への変換には縮小変換が必要です
c:\program files (x86)\microsoft directx sdk (june 2010)\include\xnamath.h(2702): warning C4838: 'unsigned int' から 'INT' への変換には縮小変換が必要です
c:\program files (x86)\microsoft directx sdk (june 2010)\include\xnamath.h(2712): warning C4838: 'unsigned int' から 'INT' への変換には縮小変換が必要です
c:\program files (x86)\microsoft directx sdk (june 2010)\include\xnamath.h(2713): warning C4838: 'unsigned int' から 'INT' への変換には縮小変換が必要です
c:\program files (x86)\microsoft directx sdk (june 2010)\include\xnamath.h(2715): warning C4838: 'unsigned int' から 'INT' への変換には縮小変換が必要です
c:\program files (x86)\microsoft directx sdk (june 2010)\include\xnamath.h(2716): warning C4838: 'unsigned int' から 'INT' への変換には縮小変換が必要です
c:\program files (x86)\microsoft directx sdk (june 2010)\include\xnamath.h(2717): warning C4838: 'unsigned int' から 'INT' への変換には縮小変換が必要です
c:\program files (x86)\microsoft directx sdk (june 2010)\include\xnamath.h(2727): warning C4838: 'unsigned int' から 'INT' への変換には縮小変換が必要です
c:\program files (x86)\microsoft directx sdk (june 2010)\include\xnamath.h(2728): warning C4838: 'unsigned int' から 'INT' への変換には縮小変換が必要です
c:\program files (x86)\microsoft directx sdk (june 2010)\include\xnamath.h(2729): warning C4838: 'unsigned int' から 'INT' への変換には縮小変換が必要です
c:\program files (x86)\microsoft directx sdk (june 2010)\include\xnamath.h(2730): warning C4838: 'unsigned int' から 'INT' への変換には縮小変換が必要です
c:\program files (x86)\microsoft directx sdk (june 2010)\include\xnamath.h(2731): warning C4838: 'unsigned int' から 'INT' への変換には縮小変換が必要です
c:\program files (x86)\microsoft directx sdk (june 2010)\include\xnamath.h(2732): warning C4838: 'unsigned int' から 'INT' への変換には縮小変換が必要です
c:\program files (x86)\microsoft directx sdk (june 2010)\include\xnamath.h(2742): warning C4838: 'unsigned int' から 'INT' への変換には縮小変換が必要です
c:\program files (x86)\microsoft directx sdk (june 2010)\include\xnamath.h(2743): warning C4838: 'unsigned int' から 'INT' への変換には縮小変換が必要です
c:\program files (x86)\microsoft directx sdk (june 2010)\include\xnamath.h(2754): warning C4838: 'unsigned int' から 'INT' への変換には縮小変換が必要です
c:\program files (x86)\microsoft directx sdk (june 2010)\include\xnamathconvert.inl(2254): warning C4838: 'unsigned int' から 'INT' への変換には縮小変換が必要です
c:\program files (x86)\microsoft directx sdk (june 2010)\include\xnamathconvert.inl(4523): warning C4838: 'unsigned int' から 'INT' への変換には縮小変換が必要です
c:\program files (x86)\microsoft directx sdk (june 2010)\include\xnamathconvert.inl(4577): warning C4838: 'unsigned int' から 'INT' への変換には縮小変換が必要です
c:\program files (x86)\microsoft directx sdk (june 2010)\include\xnamathconvert.inl(4639): warning C4838: 'unsigned int' から 'INT' への変換には縮小変換が必要です
c:\program files (x86)\microsoft directx sdk (june 2010)\include\xnamathconvert.inl(4707): warning C4838: 'unsigned int' から 'INT' への変換には縮小変換が必要です
c:\program files (x86)\microsoft directx sdk (june 2010)\include\xnamathconvert.inl(4770): warning C4838: 'unsigned int' から 'INT' への変換には縮小変換が必要です
c:\program files (x86)\microsoft directx sdk (june 2010)\include\xnamathconvert.inl(4832): warning C4838: 'unsigned int' から 'INT' への変換には縮小変換が必要です
c:\program files (x86)\microsoft directx sdk (june 2010)\include\xnamathvector.inl(1269): warning C4838: 'unsigned int' から 'INT' への変換には縮小変換が必要です
c:\program files (x86)\microsoft directx sdk (june 2010)\include\xnamathmisc.inl(518): warning C4838: 'unsigned int' から 'INT' への変換には縮小変換が必要です
c:\program files (x86)\microsoft directx sdk (june 2010)\include\xnamathmisc.inl(519): warning C4838: 'unsigned int' から 'INT' への変換には縮小変換が必要です
  HUD.cpp
c:\program files (x86)\microsoft directx sdk (june 2010)\include\xnamath.h(2662): warning C4838: 'unsigned int' から 'INT' への変換には縮小変換が必要です
c:\program files (x86)\microsoft directx sdk (june 2010)\include\xnamath.h(2663): warning C4838: 'unsigned int' から 'INT' への変換には縮小変換が必要です
c:\program files (x86)\microsoft directx sdk (june 2010)\include\xnamath.h(2664): warning C4838: 'unsigned int' から 'INT' への変換には縮小変換が必要です
c:\program files (x86)\microsoft directx sdk (june 2010)\include\xnamath.h(2665): warning C4838: 'unsigned int' から 'INT' への変換には縮小変換が必要です
c:\program files (x86)\microsoft directx sdk (june 2010)\include\xnamath.h(2666): warning C4838: 'unsigned int' から 'INT' への変換には縮小変換が必要です
c:\program files (x86)\microsoft directx sdk (june 2010)\include\xnamath.h(2667): warning C4838: 'unsigned int' から 'INT' への変換には縮小変換が必要です
c:\program files (x86)\microsoft directx sdk (june 2010)\include\xnamath.h(2668): warning C4838: 'unsigned int' から 'INT' への変換には縮小変換が必要です
c:\program files (x86)\microsoft directx sdk (june 2010)\include\xnamath.h(2689): warning C4838: 'unsigned int' から 'INT' への変換には縮小変換が必要です
c:\program files (x86)\microsoft directx sdk (june 2010)\include\xnamath.h(2690): warning C4838: 'unsigned int' から 'INT' への変換には縮小変換が必要です
c:\program files (x86)\microsoft directx sdk (june 2010)\include\xnamath.h(2691): warning C4838: 'unsigned int' から 'INT' への変換には縮小変換が必要です
c:\program files (x86)\microsoft directx sdk (june 2010)\include\xnamath.h(2694): warning C4838: 'unsigned int' から 'INT' への変換には縮小変換が必要です
c:\program files (x86)\microsoft directx sdk (june 2010)\include\xnamath.h(2695): warning C4838: 'unsigned int' から 'INT' への変換には縮小変換が必要です
c:\program files (x86)\microsoft directx sdk (june 2010)\include\xnamath.h(2698): warning C4838: 'unsigned int' から 'INT' への変換には縮小変換が必要です
c:\program files (x86)\microsoft directx sdk (june 2010)\include\xnamath.h(2702): warning C4838: 'unsigned int' から 'INT' への変換には縮小変換が必要です
c:\program files (x86)\microsoft directx sdk (june 2010)\include\xnamath.h(2712): warning C4838: 'unsigned int' から 'INT' への変換には縮小変換が必要です
c:\program files (x86)\microsoft directx sdk (june 2010)\include\xnamath.h(2713): warning C4838: 'unsigned int' から 'INT' への変換には縮小変換が必要です
c:\program files (x86)\microsoft directx sdk (june 2010)\include\xnamath.h(2715): warning C4838: 'unsigned int' から 'INT' への変換には縮小変換が必要です
c:\program files (x86)\microsoft directx sdk (june 2010)\include\xnamath.h(2716): warning C4838: 'unsigned int' から 'INT' への変換には縮小変換が必要です
c:\program files (x86)\microsoft directx sdk (june 2010)\include\xnamath.h(2717): warning C4838: 'unsigned int' から 'INT' への変換には縮小変換が必要です
c:\program files (x86)\microsoft directx sdk (june 2010)\include\xnamath.h(2727): warning C4838: 'unsigned int' から 'INT' への変換には縮小変換が必要です
c:\program files (x86)\microsoft directx sdk (june 2010)\include\xnamath.h(2728): warning C4838: 'unsigned int' から 'INT' への変換には縮小変換が必要です
c:\program files (x86)\microsoft directx sdk (june 2010)\include\xnamath.h(2729): warning C4838: 'unsigned int' から 'INT' への変換には縮小変換が必要です
c:\program files (x86)\microsoft directx sdk (june 2010)\include\xnamath.h(2730): warning C4838: 'unsigned int' から 'INT' への変換には縮小変換が必要です
c:\program files (x86)\microsoft directx sdk (june 2010)\include\xnamath.h(2731): warning C4838: 'unsigned int' から 'INT' への変換には縮小変換が必要です
c:\program files (x86)\microsoft directx sdk (june 2010)\include\xnamath.h(2732): warning C4838: 'unsigned int' から 'INT' への変換には縮小変換が必要です
c:\program files (x86)\microsoft directx sdk (june 2010)\include\xnamath.h(2742): warning C4838: 'unsigned int' から 'INT' への変換には縮小変換が必要です
c:\program files (x86)\microsoft directx sdk (june 2010)\include\xnamath.h(2743): warning C4838: 'unsigned int' から 'INT' への変換には縮小変換が必要です
c:\program files (x86)\microsoft directx sdk (june 2010)\include\xnamath.h(2754): warning C4838: 'unsigned int' から 'INT' への変換には縮小変換が必要です
c:\program files (x86)\microsoft directx sdk (june 2010)\include\xnamathconvert.inl(2254): warning C4838: 'unsigned int' から 'INT' への変換には縮小変換が必要です
c:\program files (x86)\microsoft directx sdk (june 2010)\include\xnamathconvert.inl(4523): warning C4838: 'unsigned int' から 'INT' への変換には縮小変換が必要です
c:\program files (x86)\microsoft directx sdk (june 2010)\include\xnamathconvert.inl(4577): warning C4838: 'unsigned int' から 'INT' への変換には縮小変換が必要です
c:\program files (x86)\microsoft directx sdk (june 2010)\include\xnamathconvert.inl(4639): warning C4838: 'unsigned int' から 'INT' への変換には縮小変換が必要です
c:\program files (x86)\microsoft directx sdk (june 2010)\include\xnamathconvert.inl(4707): warning C4838: 'unsigned int' から 'INT' への変換には縮小変換が必要です
c:\program files (x86)\microsoft directx sdk (june 2010)\include\xnamathconvert.inl(4770): warning C4838: 'unsigned int' から 'INT' への変換には縮小変換が必要です
c:\program files (x86)\microsoft directx sdk (june 2010)\include\xnamathconvert.inl(4832): warning C4838: 'unsigned int' から 'INT' への変換には縮小変換が必要です
c:\program files (x86)\microsoft directx sdk (june 2010)\include\xnamathvector.inl(1269): warning C4838: 'unsigned int' から 'INT' への変換には縮小変換が必要です
c:\program files (x86)\microsoft directx sdk (june 2010)\include\xnamathmisc.inl(518): warning C4838: 'unsigned int' から 'INT' への変換には縮小変換が必要です
c:\program files (x86)\microsoft directx sdk (june 2010)\include\xnamathmisc.inl(519): warning C4838: 'unsigned int' から 'INT' への変換には縮小変換が必要です
c:\users\1401349\documents\workinggames\slimegame\directx11\directx11_1\define.h(60): warning C4244: 'return': 'double' から 'float' への変換です。データが失われる可能性があります。
  DecalPlane.cpp
c:\program files (x86)\microsoft directx sdk (june 2010)\include\xnamath.h(2662): warning C4838: 'unsigned int' から 'INT' への変換には縮小変換が必要です
c:\program files (x86)\microsoft directx sdk (june 2010)\include\xnamath.h(2663): warning C4838: 'unsigned int' から 'INT' への変換には縮小変換が必要です
c:\program files (x86)\microsoft directx sdk (june 2010)\include\xnamath.h(2664): warning C4838: 'unsigned int' から 'INT' への変換には縮小変換が必要です
c:\program files (x86)\microsoft directx sdk (june 2010)\include\xnamath.h(2665): warning C4838: 'unsigned int' から 'INT' への変換には縮小変換が必要です
c:\program files (x86)\microsoft directx sdk (june 2010)\include\xnamath.h(2666): warning C4838: 'unsigned int' から 'INT' への変換には縮小変換が必要です
c:\program files (x86)\microsoft directx sdk (june 2010)\include\xnamath.h(2667): warning C4838: 'unsigned int' から 'INT' への変換には縮小変換が必要です
c:\program files (x86)\microsoft directx sdk (june 2010)\include\xnamath.h(2668): warning C4838: 'unsigned int' から 'INT' への変換には縮小変換が必要です
c:\program files (x86)\microsoft directx sdk (june 2010)\include\xnamath.h(2689): warning C4838: 'unsigned int' から 'INT' への変換には縮小変換が必要です
c:\program files (x86)\microsoft directx sdk (june 2010)\include\xnamath.h(2690): warning C4838: 'unsigned int' から 'INT' への変換には縮小変換が必要です
c:\program files (x86)\microsoft directx sdk (june 2010)\include\xnamath.h(2691): warning C4838: 'unsigned int' から 'INT' への変換には縮小変換が必要です
c:\program files (x86)\microsoft directx sdk (june 2010)\include\xnamath.h(2694): warning C4838: 'unsigned int' から 'INT' への変換には縮小変換が必要です
c:\program files (x86)\microsoft directx sdk (june 2010)\include\xnamath.h(2695): warning C4838: 'unsigned int' から 'INT' への変換には縮小変換が必要です
c:\program files (x86)\microsoft directx sdk (june 2010)\include\xnamath.h(2698): warning C4838: 'unsigned int' から 'INT' への変換には縮小変換が必要です
c:\program files (x86)\microsoft directx sdk (june 2010)\include\xnamath.h(2702): warning C4838: 'unsigned int' から 'INT' への変換には縮小変換が必要です
c:\program files (x86)\microsoft directx sdk (june 2010)\include\xnamath.h(2712): warning C4838: 'unsigned int' から 'INT' への変換には縮小変換が必要です
c:\program files (x86)\microsoft directx sdk (june 2010)\include\xnamath.h(2713): warning C4838: 'unsigned int' から 'INT' への変換には縮小変換が必要です
c:\program files (x86)\microsoft directx sdk (june 2010)\include\xnamath.h(2715): warning C4838: 'unsigned int' から 'INT' への変換には縮小変換が必要です
c:\program files (x86)\microsoft directx sdk (june 2010)\include\xnamath.h(2716): warning C4838: 'unsigned int' から 'INT' への変換には縮小変換が必要です
c:\program files (x86)\microsoft directx sdk (june 2010)\include\xnamath.h(2717): warning C4838: 'unsigned int' から 'INT' への変換には縮小変換が必要です
c:\program files (x86)\microsoft directx sdk (june 2010)\include\xnamath.h(2727): warning C4838: 'unsigned int' から 'INT' への変換には縮小変換が必要です
c:\program files (x86)\microsoft directx sdk (june 2010)\include\xnamath.h(2728): warning C4838: 'unsigned int' から 'INT' への変換には縮小変換が必要です
c:\program files (x86)\microsoft directx sdk (june 2010)\include\xnamath.h(2729): warning C4838: 'unsigned int' から 'INT' への変換には縮小変換が必要です
c:\program files (x86)\microsoft directx sdk (june 2010)\include\xnamath.h(2730): warning C4838: 'unsigned int' から 'INT' への変換には縮小変換が必要です
c:\program files (x86)\microsoft directx sdk (june 2010)\include\xnamath.h(2731): warning C4838: 'unsigned int' から 'INT' への変換には縮小変換が必要です
c:\program files (x86)\microsoft directx sdk (june 2010)\include\xnamath.h(2732): warning C4838: 'unsigned int' から 'INT' への変換には縮小変換が必要です
c:\program files (x86)\microsoft directx sdk (june 2010)\include\xnamath.h(2742): warning C4838: 'unsigned int' から 'INT' への変換には縮小変換が必要です
c:\program files (x86)\microsoft directx sdk (june 2010)\include\xnamath.h(2743): warning C4838: 'unsigned int' から 'INT' への変換には縮小変換が必要です
c:\program files (x86)\microsoft directx sdk (june 2010)\include\xnamath.h(2754): warning C4838: 'unsigned int' から 'INT' への変換には縮小変換が必要です
c:\program files (x86)\microsoft directx sdk (june 2010)\include\xnamathconvert.inl(2254): warning C4838: 'unsigned int' から 'INT' への変換には縮小変換が必要です
c:\program files (x86)\microsoft directx sdk (june 2010)\include\xnamathconvert.inl(4523): warning C4838: 'unsigned int' から 'INT' への変換には縮小変換が必要です
c:\program files (x86)\microsoft directx sdk (june 2010)\include\xnamathconvert.inl(4577): warning C4838: 'unsigned int' から 'INT' への変換には縮小変換が必要です
c:\program files (x86)\microsoft directx sdk (june 2010)\include\xnamathconvert.inl(4639): warning C4838: 'unsigned int' から 'INT' への変換には縮小変換が必要です
c:\program files (x86)\microsoft directx sdk (june 2010)\include\xnamathconvert.inl(4707): warning C4838: 'unsigned int' から 'INT' への変換には縮小変換が必要です
c:\program files (x86)\microsoft directx sdk (june 2010)\include\xnamathconvert.inl(4770): warning C4838: 'unsigned int' から 'INT' への変換には縮小変換が必要です
c:\program files (x86)\microsoft directx sdk (june 2010)\include\xnamathconvert.inl(4832): warning C4838: 'unsigned int' から 'INT' への変換には縮小変換が必要です
c:\program files (x86)\microsoft directx sdk (june 2010)\include\xnamathvector.inl(1269): warning C4838: 'unsigned int' から 'INT' への変換には縮小変換が必要です
c:\program files (x86)\microsoft directx sdk (june 2010)\include\xnamathmisc.inl(518): warning C4838: 'unsigned int' から 'INT' への変換には縮小変換が必要です
c:\program files (x86)\microsoft directx sdk (june 2010)\include\xnamathmisc.inl(519): warning C4838: 'unsigned int' から 'INT' への変換には縮小変換が必要です
c:\users\1401349\documents\workinggames\slimegame\directx11\directx11_1\define.h(60): warning C4244: 'return': 'double' から 'float' への変換です。データが失われる可能性があります。
  DecalFactory.cpp
c:\program files (x86)\microsoft directx sdk (june 2010)\include\xnamath.h(2662): warning C4838: 'unsigned int' から 'INT' への変換には縮小変換が必要です
c:\program files (x86)\microsoft directx sdk (june 2010)\include\xnamath.h(2663): warning C4838: 'unsigned int' から 'INT' への変換には縮小変換が必要です
c:\program files (x86)\microsoft directx sdk (june 2010)\include\xnamath.h(2664): warning C4838: 'unsigned int' から 'INT' への変換には縮小変換が必要です
c:\program files (x86)\microsoft directx sdk (june 2010)\include\xnamath.h(2665): warning C4838: 'unsigned int' から 'INT' への変換には縮小変換が必要です
c:\program files (x86)\microsoft directx sdk (june 2010)\include\xnamath.h(2666): warning C4838: 'unsigned int' から 'INT' への変換には縮小変換が必要です
c:\program files (x86)\microsoft directx sdk (june 2010)\include\xnamath.h(2667): warning C4838: 'unsigned int' から 'INT' への変換には縮小変換が必要です
c:\program files (x86)\microsoft directx sdk (june 2010)\include\xnamath.h(2668): warning C4838: 'unsigned int' から 'INT' への変換には縮小変換が必要です
c:\program files (x86)\microsoft directx sdk (june 2010)\include\xnamath.h(2689): warning C4838: 'unsigned int' から 'INT' への変換には縮小変換が必要です
c:\program files (x86)\microsoft directx sdk (june 2010)\include\xnamath.h(2690): warning C4838: 'unsigned int' から 'INT' への変換には縮小変換が必要です
c:\program files (x86)\microsoft directx sdk (june 2010)\include\xnamath.h(2691): warning C4838: 'unsigned int' から 'INT' への変換には縮小変換が必要です
c:\program files (x86)\microsoft directx sdk (june 2010)\include\xnamath.h(2694): warning C4838: 'unsigned int' から 'INT' への変換には縮小変換が必要です
c:\program files (x86)\microsoft directx sdk (june 2010)\include\xnamath.h(2695): warning C4838: 'unsigned int' から 'INT' への変換には縮小変換が必要です
c:\program files (x86)\microsoft directx sdk (june 2010)\include\xnamath.h(2698): warning C4838: 'unsigned int' から 'INT' への変換には縮小変換が必要です
c:\program files (x86)\microsoft directx sdk (june 2010)\include\xnamath.h(2702): warning C4838: 'unsigned int' から 'INT' への変換には縮小変換が必要です
c:\program files (x86)\microsoft directx sdk (june 2010)\include\xnamath.h(2712): warning C4838: 'unsigned int' から 'INT' への変換には縮小変換が必要です
c:\program files (x86)\microsoft directx sdk (june 2010)\include\xnamath.h(2713): warning C4838: 'unsigned int' から 'INT' への変換には縮小変換が必要です
c:\program files (x86)\microsoft directx sdk (june 2010)\include\xnamath.h(2715): warning C4838: 'unsigned int' から 'INT' への変換には縮小変換が必要です
c:\program files (x86)\microsoft directx sdk (june 2010)\include\xnamath.h(2716): warning C4838: 'unsigned int' から 'INT' への変換には縮小変換が必要です
c:\program files (x86)\microsoft directx sdk (june 2010)\include\xnamath.h(2717): warning C4838: 'unsigned int' から 'INT' への変換には縮小変換が必要です
c:\program files (x86)\microsoft directx sdk (june 2010)\include\xnamath.h(2727): warning C4838: 'unsigned int' から 'INT' への変換には縮小変換が必要です
c:\program files (x86)\microsoft directx sdk (june 2010)\include\xnamath.h(2728): warning C4838: 'unsigned int' から 'INT' への変換には縮小変換が必要です
c:\program files (x86)\microsoft directx sdk (june 2010)\include\xnamath.h(2729): warning C4838: 'unsigned int' から 'INT' への変換には縮小変換が必要です
c:\program files (x86)\microsoft directx sdk (june 2010)\include\xnamath.h(2730): warning C4838: 'unsigned int' から 'INT' への変換には縮小変換が必要です
c:\program files (x86)\microsoft directx sdk (june 2010)\include\xnamath.h(2731): warning C4838: 'unsigned int' から 'INT' への変換には縮小変換が必要です
c:\program files (x86)\microsoft directx sdk (june 2010)\include\xnamath.h(2732): warning C4838: 'unsigned int' から 'INT' への変換には縮小変換が必要です
c:\program files (x86)\microsoft directx sdk (june 2010)\include\xnamath.h(2742): warning C4838: 'unsigned int' から 'INT' への変換には縮小変換が必要です
c:\program files (x86)\microsoft directx sdk (june 2010)\include\xnamath.h(2743): warning C4838: 'unsigned int' から 'INT' への変換には縮小変換が必要です
c:\program files (x86)\microsoft directx sdk (june 2010)\include\xnamath.h(2754): warning C4838: 'unsigned int' から 'INT' への変換には縮小変換が必要です
c:\program files (x86)\microsoft directx sdk (june 2010)\include\xnamathconvert.inl(2254): warning C4838: 'unsigned int' から 'INT' への変換には縮小変換が必要です
c:\program files (x86)\microsoft directx sdk (june 2010)\include\xnamathconvert.inl(4523): warning C4838: 'unsigned int' から 'INT' への変換には縮小変換が必要です
c:\program files (x86)\microsoft directx sdk (june 2010)\include\xnamathconvert.inl(4577): warning C4838: 'unsigned int' から 'INT' への変換には縮小変換が必要です
c:\program files (x86)\microsoft directx sdk (june 2010)\include\xnamathconvert.inl(4639): warning C4838: 'unsigned int' から 'INT' への変換には縮小変換が必要です
c:\program files (x86)\microsoft directx sdk (june 2010)\include\xnamathconvert.inl(4707): warning C4838: 'unsigned int' から 'INT' への変換には縮小変換が必要です
c:\program files (x86)\microsoft directx sdk (june 2010)\include\xnamathconvert.inl(4770): warning C4838: 'unsigned int' から 'INT' への変換には縮小変換が必要です
c:\program files (x86)\microsoft directx sdk (june 2010)\include\xnamathconvert.inl(4832): warning C4838: 'unsigned int' から 'INT' への変換には縮小変換が必要です
c:\program files (x86)\microsoft directx sdk (june 2010)\include\xnamathvector.inl(1269): warning C4838: 'unsigned int' から 'INT' への変換には縮小変換が必要です
c:\program files (x86)\microsoft directx sdk (june 2010)\include\xnamathmisc.inl(518): warning C4838: 'unsigned int' から 'INT' への変換には縮小変換が必要です
c:\program files (x86)\microsoft directx sdk (june 2010)\include\xnamathmisc.inl(519): warning C4838: 'unsigned int' から 'INT' への変換には縮小変換が必要です
  DecalBox.cpp
c:\program files (x86)\microsoft directx sdk (june 2010)\include\xnamath.h(2662): warning C4838: 'unsigned int' から 'INT' への変換には縮小変換が必要です
c:\program files (x86)\microsoft directx sdk (june 2010)\include\xnamath.h(2663): warning C4838: 'unsigned int' から 'INT' への変換には縮小変換が必要です
c:\program files (x86)\microsoft directx sdk (june 2010)\include\xnamath.h(2664): warning C4838: 'unsigned int' から 'INT' への変換には縮小変換が必要です
c:\program files (x86)\microsoft directx sdk (june 2010)\include\xnamath.h(2665): warning C4838: 'unsigned int' から 'INT' への変換には縮小変換が必要です
c:\program files (x86)\microsoft directx sdk (june 2010)\include\xnamath.h(2666): warning C4838: 'unsigned int' から 'INT' への変換には縮小変換が必要です
c:\program files (x86)\microsoft directx sdk (june 2010)\include\xnamath.h(2667): warning C4838: 'unsigned int' から 'INT' への変換には縮小変換が必要です
c:\program files (x86)\microsoft directx sdk (june 2010)\include\xnamath.h(2668): warning C4838: 'unsigned int' から 'INT' への変換には縮小変換が必要です
c:\program files (x86)\microsoft directx sdk (june 2010)\include\xnamath.h(2689): warning C4838: 'unsigned int' から 'INT' への変換には縮小変換が必要です
c:\program files (x86)\microsoft directx sdk (june 2010)\include\xnamath.h(2690): warning C4838: 'unsigned int' から 'INT' への変換には縮小変換が必要です
c:\program files (x86)\microsoft directx sdk (june 2010)\include\xnamath.h(2691): warning C4838: 'unsigned int' から 'INT' への変換には縮小変換が必要です
c:\program files (x86)\microsoft directx sdk (june 2010)\include\xnamath.h(2694): warning C4838: 'unsigned int' から 'INT' への変換には縮小変換が必要です
c:\program files (x86)\microsoft directx sdk (june 2010)\include\xnamath.h(2695): warning C4838: 'unsigned int' から 'INT' への変換には縮小変換が必要です
c:\program files (x86)\microsoft directx sdk (june 2010)\include\xnamath.h(2698): warning C4838: 'unsigned int' から 'INT' への変換には縮小変換が必要です
c:\program files (x86)\microsoft directx sdk (june 2010)\include\xnamath.h(2702): warning C4838: 'unsigned int' から 'INT' への変換には縮小変換が必要です
c:\program files (x86)\microsoft directx sdk (june 2010)\include\xnamath.h(2712): warning C4838: 'unsigned int' から 'INT' への変換には縮小変換が必要です
c:\program files (x86)\microsoft directx sdk (june 2010)\include\xnamath.h(2713): warning C4838: 'unsigned int' から 'INT' への変換には縮小変換が必要です
c:\program files (x86)\microsoft directx sdk (june 2010)\include\xnamath.h(2715): warning C4838: 'unsigned int' から 'INT' への変換には縮小変換が必要です
c:\program files (x86)\microsoft directx sdk (june 2010)\include\xnamath.h(2716): warning C4838: 'unsigned int' から 'INT' への変換には縮小変換が必要です
c:\program files (x86)\microsoft directx sdk (june 2010)\include\xnamath.h(2717): warning C4838: 'unsigned int' から 'INT' への変換には縮小変換が必要です
c:\program files (x86)\microsoft directx sdk (june 2010)\include\xnamath.h(2727): warning C4838: 'unsigned int' から 'INT' への変換には縮小変換が必要です
c:\program files (x86)\microsoft directx sdk (june 2010)\include\xnamath.h(2728): warning C4838: 'unsigned int' から 'INT' への変換には縮小変換が必要です
c:\program files (x86)\microsoft directx sdk (june 2010)\include\xnamath.h(2729): warning C4838: 'unsigned int' から 'INT' への変換には縮小変換が必要です
c:\program files (x86)\microsoft directx sdk (june 2010)\include\xnamath.h(2730): warning C4838: 'unsigned int' から 'INT' への変換には縮小変換が必要です
c:\program files (x86)\microsoft directx sdk (june 2010)\include\xnamath.h(2731): warning C4838: 'unsigned int' から 'INT' への変換には縮小変換が必要です
c:\program files (x86)\microsoft directx sdk (june 2010)\include\xnamath.h(2732): warning C4838: 'unsigned int' から 'INT' への変換には縮小変換が必要です
c:\program files (x86)\microsoft directx sdk (june 2010)\include\xnamath.h(2742): warning C4838: 'unsigned int' から 'INT' への変換には縮小変換が必要です
c:\program files (x86)\microsoft directx sdk (june 2010)\include\xnamath.h(2743): warning C4838: 'unsigned int' から 'INT' への変換には縮小変換が必要です
c:\program files (x86)\microsoft directx sdk (june 2010)\include\xnamath.h(2754): warning C4838: 'unsigned int' から 'INT' への変換には縮小変換が必要です
c:\program files (x86)\microsoft directx sdk (june 2010)\include\xnamathconvert.inl(2254): warning C4838: 'unsigned int' から 'INT' への変換には縮小変換が必要です
c:\program files (x86)\microsoft directx sdk (june 2010)\include\xnamathconvert.inl(4523): warning C4838: 'unsigned int' から 'INT' への変換には縮小変換が必要です
c:\program files (x86)\microsoft directx sdk (june 2010)\include\xnamathconvert.inl(4577): warning C4838: 'unsigned int' から 'INT' への変換には縮小変換が必要です
c:\program files (x86)\microsoft directx sdk (june 2010)\include\xnamathconvert.inl(4639): warning C4838: 'unsigned int' から 'INT' への変換には縮小変換が必要です
c:\program files (x86)\microsoft directx sdk (june 2010)\include\xnamathconvert.inl(4707): warning C4838: 'unsigned int' から 'INT' への変換には縮小変換が必要です
c:\program files (x86)\microsoft directx sdk (june 2010)\include\xnamathconvert.inl(4770): warning C4838: 'unsigned int' から 'INT' への変換には縮小変換が必要です
c:\program files (x86)\microsoft directx sdk (june 2010)\include\xnamathconvert.inl(4832): warning C4838: 'unsigned int' から 'INT' への変換には縮小変換が必要です
c:\program files (x86)\microsoft directx sdk (june 2010)\include\xnamathvector.inl(1269): warning C4838: 'unsigned int' から 'INT' への変換には縮小変換が必要です
c:\program files (x86)\microsoft directx sdk (june 2010)\include\xnamathmisc.inl(518): warning C4838: 'unsigned int' から 'INT' への変換には縮小変換が必要です
c:\program files (x86)\microsoft directx sdk (june 2010)\include\xnamathmisc.inl(519): warning C4838: 'unsigned int' から 'INT' への変換には縮小変換が必要です
c:\users\1401349\documents\workinggames\slimegame\directx11\directx11_1\define.h(60): warning C4244: 'return': 'double' から 'float' への変換です。データが失われる可能性があります。
  Cylinder.cpp
c:\program files (x86)\microsoft directx sdk (june 2010)\include\xnamath.h(2662): warning C4838: 'unsigned int' から 'INT' への変換には縮小変換が必要です
c:\program files (x86)\microsoft directx sdk (june 2010)\include\xnamath.h(2663): warning C4838: 'unsigned int' から 'INT' への変換には縮小変換が必要です
c:\program files (x86)\microsoft directx sdk (june 2010)\include\xnamath.h(2664): warning C4838: 'unsigned int' から 'INT' への変換には縮小変換が必要です
c:\program files (x86)\microsoft directx sdk (june 2010)\include\xnamath.h(2665): warning C4838: 'unsigned int' から 'INT' への変換には縮小変換が必要です
c:\program files (x86)\microsoft directx sdk (june 2010)\include\xnamath.h(2666): warning C4838: 'unsigned int' から 'INT' への変換には縮小変換が必要です
c:\program files (x86)\microsoft directx sdk (june 2010)\include\xnamath.h(2667): warning C4838: 'unsigned int' から 'INT' への変換には縮小変換が必要です
c:\program files (x86)\microsoft directx sdk (june 2010)\include\xnamath.h(2668): warning C4838: 'unsigned int' から 'INT' への変換には縮小変換が必要です
c:\program files (x86)\microsoft directx sdk (june 2010)\include\xnamath.h(2689): warning C4838: 'unsigned int' から 'INT' への変換には縮小変換が必要です
c:\program files (x86)\microsoft directx sdk (june 2010)\include\xnamath.h(2690): warning C4838: 'unsigned int' から 'INT' への変換には縮小変換が必要です
c:\program files (x86)\microsoft directx sdk (june 2010)\include\xnamath.h(2691): warning C4838: 'unsigned int' から 'INT' への変換には縮小変換が必要です
c:\program files (x86)\microsoft directx sdk (june 2010)\include\xnamath.h(2694): warning C4838: 'unsigned int' から 'INT' への変換には縮小変換が必要です
c:\program files (x86)\microsoft directx sdk (june 2010)\include\xnamath.h(2695): warning C4838: 'unsigned int' から 'INT' への変換には縮小変換が必要です
c:\program files (x86)\microsoft directx sdk (june 2010)\include\xnamath.h(2698): warning C4838: 'unsigned int' から 'INT' への変換には縮小変換が必要です
c:\program files (x86)\microsoft directx sdk (june 2010)\include\xnamath.h(2702): warning C4838: 'unsigned int' から 'INT' への変換には縮小変換が必要です
c:\program files (x86)\microsoft directx sdk (june 2010)\include\xnamath.h(2712): warning C4838: 'unsigned int' から 'INT' への変換には縮小変換が必要です
c:\program files (x86)\microsoft directx sdk (june 2010)\include\xnamath.h(2713): warning C4838: 'unsigned int' から 'INT' への変換には縮小変換が必要です
c:\program files (x86)\microsoft directx sdk (june 2010)\include\xnamath.h(2715): warning C4838: 'unsigned int' から 'INT' への変換には縮小変換が必要です
c:\program files (x86)\microsoft directx sdk (june 2010)\include\xnamath.h(2716): warning C4838: 'unsigned int' から 'INT' への変換には縮小変換が必要です
c:\program files (x86)\microsoft directx sdk (june 2010)\include\xnamath.h(2717): warning C4838: 'unsigned int' から 'INT' への変換には縮小変換が必要です
c:\program files (x86)\microsoft directx sdk (june 2010)\include\xnamath.h(2727): warning C4838: 'unsigned int' から 'INT' への変換には縮小変換が必要です
c:\program files (x86)\microsoft directx sdk (june 2010)\include\xnamath.h(2728): warning C4838: 'unsigned int' から 'INT' への変換には縮小変換が必要です
c:\program files (x86)\microsoft directx sdk (june 2010)\include\xnamath.h(2729): warning C4838: 'unsigned int' から 'INT' への変換には縮小変換が必要です
c:\program files (x86)\microsoft directx sdk (june 2010)\include\xnamath.h(2730): warning C4838: 'unsigned int' から 'INT' への変換には縮小変換が必要です
c:\program files (x86)\microsoft directx sdk (june 2010)\include\xnamath.h(2731): warning C4838: 'unsigned int' から 'INT' への変換には縮小変換が必要です
c:\program files (x86)\microsoft directx sdk (june 2010)\include\xnamath.h(2732): warning C4838: 'unsigned int' から 'INT' への変換には縮小変換が必要です
c:\program files (x86)\microsoft directx sdk (june 2010)\include\xnamath.h(2742): warning C4838: 'unsigned int' から 'INT' への変換には縮小変換が必要です
c:\program files (x86)\microsoft directx sdk (june 2010)\include\xnamath.h(2743): warning C4838: 'unsigned int' から 'INT' への変換には縮小変換が必要です
c:\program files (x86)\microsoft directx sdk (june 2010)\include\xnamath.h(2754): warning C4838: 'unsigned int' から 'INT' への変換には縮小変換が必要です
c:\program files (x86)\microsoft directx sdk (june 2010)\include\xnamathconvert.inl(2254): warning C4838: 'unsigned int' から 'INT' への変換には縮小変換が必要です
c:\program files (x86)\microsoft directx sdk (june 2010)\include\xnamathconvert.inl(4523): warning C4838: 'unsigned int' から 'INT' への変換には縮小変換が必要です
c:\program files (x86)\microsoft directx sdk (june 2010)\include\xnamathconvert.inl(4577): warning C4838: 'unsigned int' から 'INT' への変換には縮小変換が必要です
c:\program files (x86)\microsoft directx sdk (june 2010)\include\xnamathconvert.inl(4639): warning C4838: 'unsigned int' から 'INT' への変換には縮小変換が必要です
c:\program files (x86)\microsoft directx sdk (june 2010)\include\xnamathconvert.inl(4707): warning C4838: 'unsigned int' から 'INT' への変換には縮小変換が必要です
c:\program files (x86)\microsoft directx sdk (june 2010)\include\xnamathconvert.inl(4770): warning C4838: 'unsigned int' から 'INT' への変換には縮小変換が必要です
c:\program files (x86)\microsoft directx sdk (june 2010)\include\xnamathconvert.inl(4832): warning C4838: 'unsigned int' から 'INT' への変換には縮小変換が必要です
c:\program files (x86)\microsoft directx sdk (june 2010)\include\xnamathvector.inl(1269): warning C4838: 'unsigned int' から 'INT' への変換には縮小変換が必要です
c:\program files (x86)\microsoft directx sdk (june 2010)\include\xnamathmisc.inl(518): warning C4838: 'unsigned int' から 'INT' への変換には縮小変換が必要です
c:\program files (x86)\microsoft directx sdk (june 2010)\include\xnamathmisc.inl(519): warning C4838: 'unsigned int' から 'INT' への変換には縮小変換が必要です
c:\users\1401349\documents\workinggames\slimegame\directx11\directx11_1\define.h(60): warning C4244: 'return': 'double' から 'float' への変換です。データが失われる可能性があります。
  Billboard.cpp
c:\program files (x86)\microsoft directx sdk (june 2010)\include\xnamath.h(2662): warning C4838: 'unsigned int' から 'INT' への変換には縮小変換が必要です
c:\program files (x86)\microsoft directx sdk (june 2010)\include\xnamath.h(2663): warning C4838: 'unsigned int' から 'INT' への変換には縮小変換が必要です
c:\program files (x86)\microsoft directx sdk (june 2010)\include\xnamath.h(2664): warning C4838: 'unsigned int' から 'INT' への変換には縮小変換が必要です
c:\program files (x86)\microsoft directx sdk (june 2010)\include\xnamath.h(2665): warning C4838: 'unsigned int' から 'INT' への変換には縮小変換が必要です
c:\program files (x86)\microsoft directx sdk (june 2010)\include\xnamath.h(2666): warning C4838: 'unsigned int' から 'INT' への変換には縮小変換が必要です
c:\program files (x86)\microsoft directx sdk (june 2010)\include\xnamath.h(2667): warning C4838: 'unsigned int' から 'INT' への変換には縮小変換が必要です
c:\program files (x86)\microsoft directx sdk (june 2010)\include\xnamath.h(2668): warning C4838: 'unsigned int' から 'INT' への変換には縮小変換が必要です
c:\program files (x86)\microsoft directx sdk (june 2010)\include\xnamath.h(2689): warning C4838: 'unsigned int' から 'INT' への変換には縮小変換が必要です
c:\program files (x86)\microsoft directx sdk (june 2010)\include\xnamath.h(2690): warning C4838: 'unsigned int' から 'INT' への変換には縮小変換が必要です
c:\program files (x86)\microsoft directx sdk (june 2010)\include\xnamath.h(2691): warning C4838: 'unsigned int' から 'INT' への変換には縮小変換が必要です
c:\program files (x86)\microsoft directx sdk (june 2010)\include\xnamath.h(2694): warning C4838: 'unsigned int' から 'INT' への変換には縮小変換が必要です
c:\program files (x86)\microsoft directx sdk (june 2010)\include\xnamath.h(2695): warning C4838: 'unsigned int' から 'INT' への変換には縮小変換が必要です
c:\program files (x86)\microsoft directx sdk (june 2010)\include\xnamath.h(2698): warning C4838: 'unsigned int' から 'INT' への変換には縮小変換が必要です
c:\program files (x86)\microsoft directx sdk (june 2010)\include\xnamath.h(2702): warning C4838: 'unsigned int' から 'INT' への変換には縮小変換が必要です
c:\program files (x86)\microsoft directx sdk (june 2010)\include\xnamath.h(2712): warning C4838: 'unsigned int' から 'INT' への変換には縮小変換が必要です
c:\program files (x86)\microsoft directx sdk (june 2010)\include\xnamath.h(2713): warning C4838: 'unsigned int' から 'INT' への変換には縮小変換が必要です
c:\program files (x86)\microsoft directx sdk (june 2010)\include\xnamath.h(2715): warning C4838: 'unsigned int' から 'INT' への変換には縮小変換が必要です
c:\program files (x86)\microsoft directx sdk (june 2010)\include\xnamath.h(2716): warning C4838: 'unsigned int' から 'INT' への変換には縮小変換が必要です
c:\program files (x86)\microsoft directx sdk (june 2010)\include\xnamath.h(2717): warning C4838: 'unsigned int' から 'INT' への変換には縮小変換が必要です
c:\program files (x86)\microsoft directx sdk (june 2010)\include\xnamath.h(2727): warning C4838: 'unsigned int' から 'INT' への変換には縮小変換が必要です
c:\program files (x86)\microsoft directx sdk (june 2010)\include\xnamath.h(2728): warning C4838: 'unsigned int' から 'INT' への変換には縮小変換が必要です
c:\program files (x86)\microsoft directx sdk (june 2010)\include\xnamath.h(2729): warning C4838: 'unsigned int' から 'INT' への変換には縮小変換が必要です
c:\program files (x86)\microsoft directx sdk (june 2010)\include\xnamath.h(2730): warning C4838: 'unsigned int' から 'INT' への変換には縮小変換が必要です
c:\program files (x86)\microsoft directx sdk (june 2010)\include\xnamath.h(2731): warning C4838: 'unsigned int' から 'INT' への変換には縮小変換が必要です
c:\program files (x86)\microsoft directx sdk (june 2010)\include\xnamath.h(2732): warning C4838: 'unsigned int' から 'INT' への変換には縮小変換が必要です
c:\program files (x86)\microsoft directx sdk (june 2010)\include\xnamath.h(2742): warning C4838: 'unsigned int' から 'INT' への変換には縮小変換が必要です
c:\program files (x86)\microsoft directx sdk (june 2010)\include\xnamath.h(2743): warning C4838: 'unsigned int' から 'INT' への変換には縮小変換が必要です
c:\program files (x86)\microsoft directx sdk (june 2010)\include\xnamath.h(2754): warning C4838: 'unsigned int' から 'INT' への変換には縮小変換が必要です
c:\program files (x86)\microsoft directx sdk (june 2010)\include\xnamathconvert.inl(2254): warning C4838: 'unsigned int' から 'INT' への変換には縮小変換が必要です
c:\program files (x86)\microsoft directx sdk (june 2010)\include\xnamathconvert.inl(4523): warning C4838: 'unsigned int' から 'INT' への変換には縮小変換が必要です
c:\program files (x86)\microsoft directx sdk (june 2010)\include\xnamathconvert.inl(4577): warning C4838: 'unsigned int' から 'INT' への変換には縮小変換が必要です
c:\program files (x86)\microsoft directx sdk (june 2010)\include\xnamathconvert.inl(4639): warning C4838: 'unsigned int' から 'INT' への変換には縮小変換が必要です
c:\program files (x86)\microsoft directx sdk (june 2010)\include\xnamathconvert.inl(4707): warning C4838: 'unsigned int' から 'INT' への変換には縮小変換が必要です
c:\program files (x86)\microsoft directx sdk (june 2010)\include\xnamathconvert.inl(4770): warning C4838: 'unsigned int' から 'INT' への変換には縮小変換が必要です
c:\program files (x86)\microsoft directx sdk (june 2010)\include\xnamathconvert.inl(4832): warning C4838: 'unsigned int' から 'INT' への変換には縮小変換が必要です
c:\program files (x86)\microsoft directx sdk (june 2010)\include\xnamathvector.inl(1269): warning C4838: 'unsigned int' から 'INT' への変換には縮小変換が必要です
c:\program files (x86)\microsoft directx sdk (june 2010)\include\xnamathmisc.inl(518): warning C4838: 'unsigned int' から 'INT' への変換には縮小変換が必要です
c:\program files (x86)\microsoft directx sdk (june 2010)\include\xnamathmisc.inl(519): warning C4838: 'unsigned int' から 'INT' への変換には縮小変換が必要です
c:\users\1401349\documents\workinggames\slimegame\directx11\directx11_1\define.h(60): warning C4244: 'return': 'double' から 'float' への変換です。データが失われる可能性があります。
c:\users\1401349\documents\workinggames\slimegame\directx11\directx11_1\billboard.cpp(169): warning C4552: '/': 演算子にプログラム上の作用がありません。作用を伴う演算子を使用してください
c:\users\1401349\documents\workinggames\slimegame\directx11\directx11_1\billboard.cpp(170): warning C4552: '+': 演算子にプログラム上の作用がありません。作用を伴う演算子を使用してください
c:\users\1401349\documents\workinggames\slimegame\directx11\directx11_1\billboard.cpp(171): warning C4552: '/': 演算子にプログラム上の作用がありません。作用を伴う演算子を使用してください
c:\users\1401349\documents\workinggames\slimegame\directx11\directx11_1\billboard.cpp(172): warning C4552: '+': 演算子にプログラム上の作用がありません。作用を伴う演算子を使用してください
  コードを生成中...
c:\users\1401349\documents\workinggames\slimegame\directx11\directx11_1\camera.h(28): warning C4172: ローカル変数またはテンポラリのアドレスを返します
cl : コマンド ライン warning D9028: 簡易リビルド時のエラーです、通常のビルドに戻します
  DirectX11_1.vcxproj -> C:\Users\1401349\Documents\WorkingGames\SlimeGame\DirectX11\Debug\DirectX11_1.exe
  DirectX11_1.vcxproj -> C:\Users\1401349\Documents\WorkingGames\SlimeGame\DirectX11\Debug\DirectX11_1.pdb (Full PDB)
